warehouse.id.3d=43785