warehouse.id.3d=43785

warehouse.id.dbe.staff=7148